<?xml version="1.0" encoding="UTF-8"?>
<!-- Generated by org.testng.reporters.JUnitReportReporter -->
<testsuite hostname="LauraAndrade" failures="0" tests="2" name="test.Tests_BoletaExonerada" time="292.403" errors="0" timestamp="01 jul. 2021 20:06:32 GMT" skipped="0">
  <testcase classname="test.Tests_BoletaExonerada" name="Script_0058" time="148.149"/>
  <testcase classname="test.Tests_BoletaExonerada" name="Script_0057" time="144.254"/>
</testsuite> <!-- test.Tests_BoletaExonerada -->
