<?xml version="1.0" encoding="UTF-8"?>
<!-- Generated by org.testng.reporters.JUnitReportReporter -->
<testsuite hostname="LauraAndrade" failures="0" tests="4" name="test.Test_FacturaDescuentosGlobalAfecta" time="639.934" errors="0" timestamp="25 ago. 2021 20:18:06 GMT" skipped="0">
  <testcase classname="test.Test_FacturaDescuentosGlobalAfecta" name="Script_0097" time="152.748"/>
  <testcase classname="test.Test_FacturaDescuentosGlobalAfecta" name="Script_0098" time="156.340"/>
  <testcase classname="test.Test_FacturaDescuentosGlobalAfecta" name="Script_0099" time="174.380"/>
  <testcase classname="test.Test_FacturaDescuentosGlobalAfecta" name="Script_0096" time="156.466"/>
</testsuite> <!-- test.Test_FacturaDescuentosGlobalAfecta -->
