<?xml version="1.0" encoding="UTF-8"?>
<!-- Generated by org.testng.reporters.JUnitReportReporter -->
<testsuite hostname="LauraAndrade" failures="0" tests="2" name="test.Tests_NotaCreditoExonerada" time="261.273" errors="0" timestamp="01 jul. 2021 20:06:32 GMT" skipped="0">
  <testcase classname="test.Tests_NotaCreditoExonerada" name="Script_0070" time="148.594"/>
  <testcase classname="test.Tests_NotaCreditoExonerada" name="Script_0071" time="112.679"/>
</testsuite> <!-- test.Tests_NotaCreditoExonerada -->
