<?xml version="1.0" encoding="UTF-8"?>
<!-- Generated by org.testng.reporters.JUnitReportReporter -->
<testsuite hostname="LauraAndrade" failures="0" tests="1" name="test.Tests_NotaDebitoInafectaGratuita" time="128.776" errors="0" timestamp="01 jul. 2021 20:06:32 GMT" skipped="0">
  <testcase classname="test.Tests_NotaDebitoInafectaGratuita" name="Script_0082" time="128.776"/>
</testsuite> <!-- test.Tests_NotaDebitoInafectaGratuita -->
