<?xml version="1.0" encoding="UTF-8"?>
<!-- Generated by org.testng.reporters.JUnitReportReporter -->
<testsuite hostname="LauraAndrade" failures="0" tests="3" name="test.Tests_FacturaAfectaInafecta" time="526.900" errors="0" timestamp="25 ago. 2021 22:34:43 GMT" skipped="0">
  <testcase classname="test.Tests_FacturaAfectaInafecta" name="Script_0024" time="207.487"/>
  <testcase classname="test.Tests_FacturaAfectaInafecta" name="Script_0023" time="167.181"/>
  <testcase classname="test.Tests_FacturaAfectaInafecta" name="Script_0025" time="152.232"/>
</testsuite> <!-- test.Tests_FacturaAfectaInafecta -->
