<?xml version="1.0" encoding="UTF-8"?>
<!-- Generated by org.testng.reporters.JUnitReportReporter -->
<testsuite hostname="LauraAndrade" failures="0" tests="1" name="test.Tests_NotaDebitoInafectaGratuita" time="109.907" errors="0" timestamp="26 ago. 2021 02:07:26 GMT" skipped="0">
  <testcase classname="test.Tests_NotaDebitoInafectaGratuita" name="Script_0082" time="109.907"/>
</testsuite> <!-- test.Tests_NotaDebitoInafectaGratuita -->
