<?xml version="1.0" encoding="UTF-8"?>
<!-- Generated by org.testng.reporters.JUnitReportReporter -->
<testsuite hostname="LauraAndrade" failures="0" tests="1" name="test.Test_NotaDebitoExportacion" time="137.517" errors="0" timestamp="25 ago. 2021 20:50:11 GMT" skipped="0">
  <testcase classname="test.Test_NotaDebitoExportacion" name="Script_0095" time="137.517"/>
</testsuite> <!-- test.Test_NotaDebitoExportacion -->
