<?xml version="1.0" encoding="UTF-8"?>
<!-- Generated by org.testng.reporters.JUnitReportReporter -->
<testsuite hostname="LauraAndrade" failures="0" tests="2" name="test.Tests_BoletaExonerada" time="348.591" errors="1" timestamp="25 ago. 2021 21:54:24 GMT" skipped="0">
  <testcase classname="test.Tests_BoletaExonerada" name="Script_0058" time="159.813">
    <error message="element click intercepted: Element &lt;input style=&quot;margin-top: 25px;width: 100px;&quot; type=&quot;button&quot; class=&quot;btn&quot; name=&quot;btn_emitir&quot; value=&quot;Enviar a SUNAT&quot; onclick=&quot;form_emision_express_peru_modal_v2.sendMasiveFormTX(this, {&amp;quot;id_pantalla&amp;quot;:&amp;quot;emision_express_peru_v2&amp;quot;,&amp;quot;acordeon&amp;quot;:&amp;quot;&amp;quot;,&amp;quot;clase&amp;quot;:&amp;quot;col-md-4 btn-auto&amp;quot;,&amp;quot;nombre&amp;quot;:&amp;quot;btn_emitir&amp;quot;,&amp;quot;codigo_boton&amp;quot;:&amp;quot;btn_emitir&amp;quot;,&amp;quot;titulo&amp;quot;:&amp;quot;Enviar a SUNAT&amp;quot;,&amp;quot;tipo&amp;quot;:&amp;quot;BUTTON_MASIVE_FORM_TX&amp;quot;,&amp;quot;tx&amp;quot;:&amp;quot;emision_express_peru_previsualizacion&amp;quot;,&amp;quot;params&amp;quot;:&amp;quot;&amp;quot;,&amp;quot;id_modal&amp;quot;:&amp;quot;&amp;quot;,&amp;quot;onclick&amp;quot;:&amp;quot;&amp;quot;,&amp;quot;placeholder&amp;quot;:&amp;quot;&amp;quot;,&amp;quot;flag_required&amp;quot;:&amp;quot;&amp;quot;,&amp;quot;id_grafico&amp;quot;:&amp;quot;&amp;quot;,&amp;quot;id_div&amp;quot;:&amp;quot;form_emision_express_peru_modal_v2&amp;quot;,&amp;quot;datatxt&amp;quot;:&amp;quot;&amp;quot;,&amp;quot;informacion&amp;quot;:&amp;quot;&amp;quot;,&amp;quot;size&amp;quot;:&amp;quot;&amp;quot;,&amp;quot;__elemento__&amp;quot;:&amp;quot;28656d6973696f6e5f657870726573735f706572755f76322c22222c31383034322c22636f6c2d6d642d342062746e2d6175746f222c62746e5f656d697469722c22456e7669617220612053554e4154222c425554544f4e5f4d41534956455f464f524d5f54582c656d6973696f6e5f657870726573735f706572755f70726576697375616c697a6163696f6e2c22222c22222c2c2c22222c2c22222c53494d504c452c22222c3330312c22222c22222c2c2c666f726d5f656d6973696f6e5f657870726573735f706572755f6d6f64616c5f76322c22222c2227666f726d315f6163315f656d6973696f6e5f657870726573735f706572755f7632272027666f726d315f6163325f656d6973696f6e5f657870726573735f706572755f7632272027666f726d315f6163335f656d6973696f6e5f657870726573735f706572755f7632272027666f726d315f6163355f656d6973696f6e5f657870726573735f706572755f7632272027666f726d5f656d6973696f6e5f657870726573735f706572755f626f727261646f725f7632272027666f726d5f656d6973696f6e5f657870726573735f706572755f6461746f735f656d6973696f6e5f7632272027666f726d5f656d6973696f6e5f657870726573735f706572755f6461746f735f7632272027666f726d5f656d6973696f6e5f657870726573735f706572755f6865616465725f7632272027666f726d5f656d6973696f6e5f657870726573735f706572755f6f62735f7632272027666f726d5f656d6973696f6e5f657870726573735f706572755f6f74726f735f7061727469636970616e7465735f67726f7570272027666f726d5f656d6973696f6e5f657870726573735f706572755f7265636570746f725f7632272027666f726d5f656d6973696f6e5f657870726573735f706572755f7265666572656e636961735f7632272027666f726d5f656d6973696f6e5f657870726573735f706572755f7375627469706f5f7632272027666f726d5f656d6973696f6e5f657870726573735f706572755f737562746f74616c5f763227222c22222c22222c424153455f315f4c4f43414c2c29&amp;quot;,&amp;quot;onchange&amp;quot;:[{&amp;quot;obj_related&amp;quot;:&amp;quot;form_emision_express_peru_subtotal_v2&amp;quot;,&amp;quot;tipo&amp;quot;:&amp;quot;form&amp;quot;,&amp;quot;flag_in_div&amp;quot;:&amp;quot;DIV&amp;quot;},{&amp;quot;obj_related&amp;quot;:&amp;quot;form_emision_express_peru_borrador_v2&amp;quot;,&amp;quot;tipo&amp;quot;:&amp;quot;form&amp;quot;,&amp;quot;flag_in_div&amp;quot;:&amp;quot;DIV&amp;quot;},{&amp;quot;obj_related&amp;quot;:&amp;quot;form_emision_express_peru_header_v2&amp;quot;,&amp;quot;tipo&amp;quot;:&amp;quot;form&amp;quot;,&amp;quot;flag_in_div&amp;quot;:&amp;quot;DIV&amp;quot;},{&amp;quot;obj_related&amp;quot;:&amp;quot;form_emision_express_peru_subtipo_v2&amp;quot;,&amp;quot;tipo&amp;quot;:&amp;quot;form&amp;quot;,&amp;quot;flag_in_div&amp;quot;:&amp;quot;DIV&amp;quot;},{&amp;quot;obj_related&amp;quot;:&amp;quot;form_emision_express_peru_datos_v2&amp;quot;,&amp;quot;tipo&amp;quot;:&amp;quot;form&amp;quot;,&amp;quot;flag_in_div&amp;quot;:&amp;quot;DIV&amp;quot;},{&amp;quot;obj_related&amp;quot;:&amp;quot;form_emision_express_peru_datos_emision_v2&amp;quot;,&amp;quot;tipo&amp;quot;:&amp;quot;form&amp;quot;,&amp;quot;flag_in_div&amp;quot;:&amp;quot;DIV&amp;quot;},{&amp;quot;obj_related&amp;quot;:&amp;quot;form_emision_express_peru_receptor_v2&amp;quot;,&amp;quot;tipo&amp;quot;:&amp;quot;form&amp;quot;,&amp;quot;flag_in_div&amp;quot;:&amp;quot;DIV&amp;quot;},{&amp;quot;obj_related&amp;quot;:&amp;quot;form_emision_express_peru_referencias_v2&amp;quot;,&amp;quot;tipo&amp;quot;:&amp;quot;form&amp;quot;,&amp;quot;flag_in_div&amp;quot;:&amp;quot;DIV&amp;quot;},{&amp;quot;obj_related&amp;quot;:&amp;quot;form_emision_express_peru_obs_v2&amp;quot;,&amp;quot;tipo&amp;quot;:&amp;quot;form&amp;quot;,&amp;quot;flag_in_div&amp;quot;:&amp;quot;DIV&amp;quot;},{&amp;quot;obj_related&amp;quot;:&amp;quot;form_emision_express_peru_otros_participantes_group&amp;quot;,&amp;quot;tipo&amp;quot;:&amp;quot;form&amp;quot;,&amp;quot;flag_in_div&amp;quot;:&amp;quot;NO_DIV&amp;quot;},{&amp;quot;obj_related&amp;quot;:&amp;quot;form1_ac5_emision_express_peru_v2&amp;quot;,&amp;quot;tipo&amp;quot;:&amp;quot;form&amp;quot;,&amp;quot;flag_in_div&amp;quot;:&amp;quot;NO_DIV&amp;quot;},{&amp;quot;obj_related&amp;quot;:&amp;quot;form1_ac1_emision_express_peru_v2&amp;quot;,&amp;quot;tipo&amp;quot;:&amp;quot;form&amp;quot;,&amp;quot;flag_in_div&amp;quot;:&amp;quot;NO_DIV&amp;quot;},{&amp;quot;obj_related&amp;quot;:&amp;quot;form1_ac3_emision_express_peru_v2&amp;quot;,&amp;quot;tipo&amp;quot;:&amp;quot;form&amp;quot;,&amp;quot;flag_in_div&amp;quot;:&amp;quot;NO_DIV&amp;quot;},{&amp;quot;obj_related&amp;quot;:&amp;quot;form1_ac2_emision_express_peru_v2&amp;quot;,&amp;quot;tipo&amp;quot;:&amp;quot;form&amp;quot;,&amp;quot;flag_in_div&amp;quot;:&amp;quot;NO_DIV&amp;quot;}],&amp;quot;data&amp;quot;:&amp;quot;&amp;quot;,&amp;quot;codigo_defecto&amp;quot;:&amp;quot;&amp;quot;,&amp;quot;desc_defecto&amp;quot;:&amp;quot;&amp;quot;,&amp;quot;id_acordeon&amp;quot;:&amp;quot;&amp;quot;,&amp;quot;div_dinamico&amp;quot;:&amp;quot;form_emision_express_peru_modal_v2&amp;quot;}, false)&quot;&gt; is not clickable at point (352, 314). Other element would receive the click: &lt;img src=&quot;https://escritorio-qa.acepta.pe/appDinamicaClasses/css/img/spinner.gif&quot;&gt;
  (Session info: chrome=92.0.4515.159)
Build info: version: &#039;3.11.0&#039;, revision: &#039;e59cfb3&#039;, time: &#039;2018-03-11T20:26:55.152Z&#039;
System info: host: &#039;LAURAANDRADE&#039;, ip: &#039;172.16.8.198&#039;, os.name: &#039;Windows 10&#039;, os.arch: &#039;amd64&#039;, os.version: &#039;10.0&#039;, java.version: &#039;15.0.2&#039;
Driver info: org.openqa.selenium.chrome.ChromeDriver
Capabilities {acceptInsecureCerts: false, browserName: chrome, browserVersion: 92.0.4515.159, chrome: {chromedriverVersion: 92.0.4515.43 (8c61b7e2989f2..., userDataDir: C:\Users\LAURAA~1\AppData\L...}, goog:chromeOptions: {debuggerAddress: localhost:58496}, javascriptEnabled: true, networkConnectionEnabled: false, pageLoadStrategy: normal, platform: WINDOWS, platformName: WINDOWS, proxy: Proxy(), setWindowRect: true, strictFileInteractability: false, timeouts: {implicit: 0, pageLoad: 300000, script: 30000}, unhandledPromptBehavior: dismiss and notify, webauthn:extension:credBlob: true, webauthn:extension:largeBlob: true, webauthn:virtualAuthenticators: true}
Session ID: 97f5836e9ee6a4893d97789f672d86c5" type="org.openqa.selenium.ElementClickInterceptedException">
      <![CDATA[org.openqa.selenium.ElementClickInterceptedException: element click intercepted: Element <input style="margin-top: 25px;width: 100px;" type="button" class="btn" name="btn_emitir" value="Enviar a SUNAT" onclick="form_emision_express_peru_modal_v2.sendMasiveFormTX(this, {&quot;id_pantalla&quot;:&quot;emision_express_peru_v2&quot;,&quot;acordeon&quot;:&quot;&quot;,&quot;clase&quot;:&quot;col-md-4 btn-auto&quot;,&quot;nombre&quot;:&quot;btn_emitir&quot;,&quot;codigo_boton&quot;:&quot;btn_emitir&quot;,&quot;titulo&quot;:&quot;Enviar a SUNAT&quot;,&quot;tipo&quot;:&quot;BUTTON_MASIVE_FORM_TX&quot;,&quot;tx&quot;:&quot;emision_express_peru_previsualizacion&quot;,&quot;params&quot;:&quot;&quot;,&quot;id_modal&quot;:&quot;&quot;,&quot;onclick&quot;:&quot;&quot;,&quot;placeholder&quot;:&quot;&quot;,&quot;flag_required&quot;:&quot;&quot;,&quot;id_grafico&quot;:&quot;&quot;,&quot;id_div&quot;:&quot;form_emision_express_peru_modal_v2&quot;,&quot;datatxt&quot;:&quot;&quot;,&quot;informacion&quot;:&quot;&quot;,&quot;size&quot;:&quot;&quot;,&quot;__elemento__&quot;:&quot;28656d6973696f6e5f657870726573735f706572755f76322c22222c31383034322c22636f6c2d6d642d342062746e2d6175746f222c62746e5f656d697469722c22456e7669617220612053554e4154222c425554544f4e5f4d41534956455f464f524d5f54582c656d6973696f6e5f657870726573735f706572755f70726576697375616c697a6163696f6e2c22222c22222c2c2c22222c2c22222c53494d504c452c22222c3330312c22222c22222c2c2c666f726d5f656d6973696f6e5f657870726573735f706572755f6d6f64616c5f76322c22222c2227666f726d315f6163315f656d6973696f6e5f657870726573735f706572755f7632272027666f726d315f6163325f656d6973696f6e5f657870726573735f706572755f7632272027666f726d315f6163335f656d6973696f6e5f657870726573735f706572755f7632272027666f726d315f6163355f656d6973696f6e5f657870726573735f706572755f7632272027666f726d5f656d6973696f6e5f657870726573735f706572755f626f727261646f725f7632272027666f726d5f656d6973696f6e5f657870726573735f706572755f6461746f735f656d6973696f6e5f7632272027666f726d5f656d6973696f6e5f657870726573735f706572755f6461746f735f7632272027666f726d5f656d6973696f6e5f657870726573735f706572755f6865616465725f7632272027666f726d5f656d6973696f6e5f657870726573735f706572755f6f62735f7632272027666f726d5f656d6973696f6e5f657870726573735f706572755f6f74726f735f7061727469636970616e7465735f67726f7570272027666f726d5f656d6973696f6e5f657870726573735f706572755f7265636570746f725f7632272027666f726d5f656d6973696f6e5f657870726573735f706572755f7265666572656e636961735f7632272027666f726d5f656d6973696f6e5f657870726573735f706572755f7375627469706f5f7632272027666f726d5f656d6973696f6e5f657870726573735f706572755f737562746f74616c5f763227222c22222c22222c424153455f315f4c4f43414c2c29&quot;,&quot;onchange&quot;:[{&quot;obj_related&quot;:&quot;form_emision_express_peru_subtotal_v2&quot;,&quot;tipo&quot;:&quot;form&quot;,&quot;flag_in_div&quot;:&quot;DIV&quot;},{&quot;obj_related&quot;:&quot;form_emision_express_peru_borrador_v2&quot;,&quot;tipo&quot;:&quot;form&quot;,&quot;flag_in_div&quot;:&quot;DIV&quot;},{&quot;obj_related&quot;:&quot;form_emision_express_peru_header_v2&quot;,&quot;tipo&quot;:&quot;form&quot;,&quot;flag_in_div&quot;:&quot;DIV&quot;},{&quot;obj_related&quot;:&quot;form_emision_express_peru_subtipo_v2&quot;,&quot;tipo&quot;:&quot;form&quot;,&quot;flag_in_div&quot;:&quot;DIV&quot;},{&quot;obj_related&quot;:&quot;form_emision_express_peru_datos_v2&quot;,&quot;tipo&quot;:&quot;form&quot;,&quot;flag_in_div&quot;:&quot;DIV&quot;},{&quot;obj_related&quot;:&quot;form_emision_express_peru_datos_emision_v2&quot;,&quot;tipo&quot;:&quot;form&quot;,&quot;flag_in_div&quot;:&quot;DIV&quot;},{&quot;obj_related&quot;:&quot;form_emision_express_peru_receptor_v2&quot;,&quot;tipo&quot;:&quot;form&quot;,&quot;flag_in_div&quot;:&quot;DIV&quot;},{&quot;obj_related&quot;:&quot;form_emision_express_peru_referencias_v2&quot;,&quot;tipo&quot;:&quot;form&quot;,&quot;flag_in_div&quot;:&quot;DIV&quot;},{&quot;obj_related&quot;:&quot;form_emision_express_peru_obs_v2&quot;,&quot;tipo&quot;:&quot;form&quot;,&quot;flag_in_div&quot;:&quot;DIV&quot;},{&quot;obj_related&quot;:&quot;form_emision_express_peru_otros_participantes_group&quot;,&quot;tipo&quot;:&quot;form&quot;,&quot;flag_in_div&quot;:&quot;NO_DIV&quot;},{&quot;obj_related&quot;:&quot;form1_ac5_emision_express_peru_v2&quot;,&quot;tipo&quot;:&quot;form&quot;,&quot;flag_in_div&quot;:&quot;NO_DIV&quot;},{&quot;obj_related&quot;:&quot;form1_ac1_emision_express_peru_v2&quot;,&quot;tipo&quot;:&quot;form&quot;,&quot;flag_in_div&quot;:&quot;NO_DIV&quot;},{&quot;obj_related&quot;:&quot;form1_ac3_emision_express_peru_v2&quot;,&quot;tipo&quot;:&quot;form&quot;,&quot;flag_in_div&quot;:&quot;NO_DIV&quot;},{&quot;obj_related&quot;:&quot;form1_ac2_emision_express_peru_v2&quot;,&quot;tipo&quot;:&quot;form&quot;,&quot;flag_in_div&quot;:&quot;NO_DIV&quot;}],&quot;data&quot;:&quot;&quot;,&quot;codigo_defecto&quot;:&quot;&quot;,&quot;desc_defecto&quot;:&quot;&quot;,&quot;id_acordeon&quot;:&quot;&quot;,&quot;div_dinamico&quot;:&quot;form_emision_express_peru_modal_v2&quot;}, false)"> is not clickable at point (352, 314). Other element would receive the click: <img src="https://escritorio-qa.acepta.pe/appDinamicaClasses/css/img/spinner.gif">
  (Session info: chrome=92.0.4515.159)
Build info: version: '3.11.0', revision: 'e59cfb3', time: '2018-03-11T20:26:55.152Z'
System info: host: 'LAURAANDRADE', ip: '172.16.8.198', os.name: 'Windows 10', os.arch: 'amd64', os.version: '10.0', java.version: '15.0.2'
Driver info: org.openqa.selenium.chrome.ChromeDriver
Capabilities {acceptInsecureCerts: false, browserName: chrome, browserVersion: 92.0.4515.159, chrome: {chromedriverVersion: 92.0.4515.43 (8c61b7e2989f2..., userDataDir: C:\Users\LAURAA~1\AppData\L...}, goog:chromeOptions: {debuggerAddress: localhost:58496}, javascriptEnabled: true, networkConnectionEnabled: false, pageLoadStrategy: normal, platform: WINDOWS, platformName: WINDOWS, proxy: Proxy(), setWindowRect: true, strictFileInteractability: false, timeouts: {implicit: 0, pageLoad: 300000, script: 30000}, unhandledPromptBehavior: dismiss and notify, webauthn:extension:credBlob: true, webauthn:extension:largeBlob: true, webauthn:virtualAuthenticators: true}
Session ID: 97f5836e9ee6a4893d97789f672d86c5
at java.base/jdk.internal.reflect.NativeConstructorAccessorImpl.newInstance0(Native Method)
at java.base/jdk.internal.reflect.NativeConstructorAccessorImpl.newInstance(NativeConstructorAccessorImpl.java:64)
at java.base/jdk.internal.reflect.DelegatingConstructorAccessorImpl.newInstance(DelegatingConstructorAccessorImpl.java:45)
at java.base/java.lang.reflect.Constructor.newInstanceWithCaller(Constructor.java:500)
at java.base/java.lang.reflect.Constructor.newInstance(Constructor.java:481)
at org.openqa.selenium.remote.http.W3CHttpResponseCodec.createException(W3CHttpResponseCodec.java:187)
at org.openqa.selenium.remote.http.W3CHttpResponseCodec.decode(W3CHttpResponseCodec.java:122)
at org.openqa.selenium.remote.http.W3CHttpResponseCodec.decode(W3CHttpResponseCodec.java:49)
at org.openqa.selenium.remote.HttpCommandExecutor.execute(HttpCommandExecutor.java:158)
at org.openqa.selenium.remote.service.DriverCommandExecutor.execute(DriverCommandExecutor.java:83)
at org.openqa.selenium.remote.RemoteWebDriver.execute(RemoteWebDriver.java:545)
at org.openqa.selenium.remote.RemoteWebElement.execute(RemoteWebElement.java:279)
at org.openqa.selenium.remote.RemoteWebElement.click(RemoteWebElement.java:83)
at pages.PageFooter.clickEnviaraSunat(PageFooter.java:60)
at test.Tests_BoletaExonerada.Script_0058(Tests_BoletaExonerada.java:106)
at java.base/jdk.internal.reflect.NativeMethodAccessorImpl.invoke0(Native Method)
at java.base/jdk.internal.reflect.NativeMethodAccessorImpl.invoke(NativeMethodAccessorImpl.java:64)
at java.base/jdk.internal.reflect.DelegatingMethodAccessorImpl.invoke(DelegatingMethodAccessorImpl.java:43)
at java.base/java.lang.reflect.Method.invoke(Method.java:564)
at org.testng.internal.MethodInvocationHelper.invokeMethod(MethodInvocationHelper.java:124)
at org.testng.internal.Invoker.invokeMethod(Invoker.java:580)
at org.testng.internal.Invoker.invokeTestMethod(Invoker.java:716)
at org.testng.internal.Invoker.invokeTestMethods(Invoker.java:988)
at org.testng.internal.TestMethodWorker.invokeTestMethods(TestMethodWorker.java:125)
at org.testng.internal.TestMethodWorker.run(TestMethodWorker.java:109)
at org.testng.TestRunner.privateRun(TestRunner.java:648)
at org.testng.TestRunner.run(TestRunner.java:505)
at org.testng.SuiteRunner.runTest(SuiteRunner.java:455)
at org.testng.SuiteRunner.runSequentially(SuiteRunner.java:450)
at org.testng.SuiteRunner.privateRun(SuiteRunner.java:415)
at org.testng.SuiteRunner.run(SuiteRunner.java:364)
at org.testng.SuiteRunnerWorker.runSuite(SuiteRunnerWorker.java:52)
at org.testng.SuiteRunnerWorker.run(SuiteRunnerWorker.java:84)
at org.testng.TestNG.runSuitesSequentially(TestNG.java:1208)
at org.testng.TestNG.runSuitesLocally(TestNG.java:1137)
at org.testng.TestNG.runSuites(TestNG.java:1049)
at org.testng.TestNG.run(TestNG.java:1017)
at org.testng.remote.AbstractRemoteTestNG.run(AbstractRemoteTestNG.java:115)
at org.testng.remote.RemoteTestNG.initAndRun(RemoteTestNG.java:251)
at org.testng.remote.RemoteTestNG.main(RemoteTestNG.java:77)
]]>
    </error>
  </testcase> <!-- Script_0058 -->
  <testcase classname="test.Tests_BoletaExonerada" name="Script_0057" time="188.778"/>
</testsuite> <!-- test.Tests_BoletaExonerada -->
