<?xml version="1.0" encoding="UTF-8"?>
<!-- Generated by org.testng.reporters.JUnitReportReporter -->
<testsuite hostname="LauraAndrade" failures="0" tests="1" name="test.Tests_NotaCreditoAfectaGratuita" time="173.426" errors="0" timestamp="26 ago. 2021 01:29:18 GMT" skipped="0">
  <testcase classname="test.Tests_NotaCreditoAfectaGratuita" name="Script_0068" time="173.426"/>
</testsuite> <!-- test.Tests_NotaCreditoAfectaGratuita -->
