<?xml version="1.0" encoding="UTF-8"?>
<!-- Generated by org.testng.reporters.JUnitReportReporter -->
<testsuite hostname="LauraAndrade" failures="0" tests="1" name="test.Tests_NotaDebitoAfectaGratuita" time="156.661" errors="0" timestamp="01 jul. 2021 20:06:32 GMT" skipped="0">
  <testcase classname="test.Tests_NotaDebitoAfectaGratuita" name="Script_0081" time="156.661"/>
</testsuite> <!-- test.Tests_NotaDebitoAfectaGratuita -->
