<?xml version="1.0" encoding="UTF-8"?>
<!-- Generated by org.testng.reporters.JUnitReportReporter -->
<testsuite hostname="LauraAndrade" failures="0" tests="1" name="test.Tests_BoletaAfectaGratuita" time="187.661" errors="0" timestamp="25 ago. 2021 21:01:43 GMT" skipped="0">
  <testcase classname="test.Tests_BoletaAfectaGratuita" name="Script_0055" time="187.661"/>
</testsuite> <!-- test.Tests_BoletaAfectaGratuita -->
