<?xml version="1.0" encoding="UTF-8"?>
<!-- Generated by org.testng.reporters.JUnitReportReporter -->
<testsuite hostname="LauraAndrade" failures="0" tests="7" name="test.Tests_FacturaInafectaGratuita" time="1082.397" errors="0" timestamp="01 jul. 2021 20:06:32 GMT" skipped="0">
  <testcase classname="test.Tests_FacturaInafectaGratuita" name="Script_0033" time="151.368"/>
  <testcase classname="test.Tests_FacturaInafectaGratuita" name="Script_0037" time="148.053"/>
  <testcase classname="test.Tests_FacturaInafectaGratuita" name="Script_0038" time="155.155"/>
  <testcase classname="test.Tests_FacturaInafectaGratuita" name="Script_0039" time="179.653"/>
  <testcase classname="test.Tests_FacturaInafectaGratuita" name="Script_0034" time="144.028"/>
  <testcase classname="test.Tests_FacturaInafectaGratuita" name="Script_0036" time="151.315"/>
  <testcase classname="test.Tests_FacturaInafectaGratuita" name="Script_0035" time="152.825"/>
</testsuite> <!-- test.Tests_FacturaInafectaGratuita -->
