<?xml version="1.0" encoding="UTF-8"?>
<!-- Generated by org.testng.reporters.JUnitReportReporter -->
<testsuite hostname="LauraAndrade" failures="0" tests="1" name="test.Prueba" time="9.346" errors="0" timestamp="27 oct. 2021 17:11:39 GMT" skipped="0">
  <testcase classname="test.Prueba" name="PruebaGoogle" time="9.346"/>
</testsuite> <!-- test.Prueba -->
