<?xml version="1.0" encoding="UTF-8"?>
<!-- Generated by org.testng.reporters.JUnitReportReporter -->
<testsuite hostname="LauraAndrade" failures="0" tests="1" name="test.Test_NotaDebitoExportacion" time="115.422" errors="0" timestamp="01 jul. 2021 20:06:32 GMT" skipped="0">
  <testcase classname="test.Test_NotaDebitoExportacion" name="Script_0095" time="115.422"/>
</testsuite> <!-- test.Test_NotaDebitoExportacion -->
