<?xml version="1.0" encoding="UTF-8"?>
<!-- Generated by org.testng.reporters.JUnitReportReporter -->
<testsuite hostname="LauraAndrade" failures="0" tests="2" name="test.Tests_NotaDebitoExonerada" time="268.430" errors="0" timestamp="01 jul. 2021 20:06:32 GMT" skipped="0">
  <testcase classname="test.Tests_NotaDebitoExonerada" name="Script_0083" time="146.211"/>
  <testcase classname="test.Tests_NotaDebitoExonerada" name="Script_0084" time="122.219"/>
</testsuite> <!-- test.Tests_NotaDebitoExonerada -->
