<?xml version="1.0" encoding="UTF-8"?>
<!-- Generated by org.testng.reporters.JUnitReportReporter -->
<testsuite hostname="LauraAndrade" failures="0" tests="6" name="test.Tests_NotaCreditoCargo" time="723.310" errors="0" timestamp="01 jul. 2021 20:06:32 GMT" skipped="0">
  <testcase classname="test.Tests_NotaCreditoCargo" name="Script_0060" time="120.251"/>
  <testcase classname="test.Tests_NotaCreditoCargo" name="Script_0063" time="121.991"/>
  <testcase classname="test.Tests_NotaCreditoCargo" name="Script_0059" time="124.445"/>
  <testcase classname="test.Tests_NotaCreditoCargo" name="Script_0064" time="118.815"/>
  <testcase classname="test.Tests_NotaCreditoCargo" name="Script_0061" time="119.923"/>
  <testcase classname="test.Tests_NotaCreditoCargo" name="Script_0062" time="117.885"/>
</testsuite> <!-- test.Tests_NotaCreditoCargo -->
