<?xml version="1.0" encoding="UTF-8"?>
<!-- Generated by org.testng.reporters.JUnitReportReporter -->
<testsuite hostname="LauraAndrade" failures="0" tests="1" name="test.Tests_NotaDebitoAfectaGratuita" time="170.366" errors="0" timestamp="26 ago. 2021 01:46:25 GMT" skipped="0">
  <testcase classname="test.Tests_NotaDebitoAfectaGratuita" name="Script_0081" time="170.366"/>
</testsuite> <!-- test.Tests_NotaDebitoAfectaGratuita -->
