<?xml version="1.0" encoding="UTF-8"?>
<!-- Generated by org.testng.reporters.JUnitReportReporter -->
<testsuite hostname="LauraAndrade" failures="0" tests="1" name="test.Tests_BoletaInafectaGratuita" time="115.331" errors="0" timestamp="01 jul. 2021 20:06:32 GMT" skipped="0">
  <testcase classname="test.Tests_BoletaInafectaGratuita" name="Script_0056" time="115.331"/>
</testsuite> <!-- test.Tests_BoletaInafectaGratuita -->
