<?xml version="1.0" encoding="UTF-8"?>
<!-- Generated by org.testng.reporters.JUnitReportReporter -->
<testsuite hostname="LauraAndrade" failures="0" tests="3" name="test.Tests_BoletaAfectaInafecta" time="539.119" errors="0" timestamp="25 ago. 2021 21:12:12 GMT" skipped="0">
  <testcase classname="test.Tests_BoletaAfectaInafecta" name="Script_0052" time="173.268"/>
  <testcase classname="test.Tests_BoletaAfectaInafecta" name="Script_0053" time="208.839"/>
  <testcase classname="test.Tests_BoletaAfectaInafecta" name="Script_0054" time="157.012"/>
</testsuite> <!-- test.Tests_BoletaAfectaInafecta -->
