<?xml version="1.0" encoding="UTF-8"?>
<!-- Generated by org.testng.reporters.JUnitReportReporter -->
<testsuite hostname="LauraAndrade" failures="0" tests="1" name="test.Tests_BoletaInafectaGratuita" time="131.734" errors="0" timestamp="25 ago. 2021 22:00:08 GMT" skipped="0">
  <testcase classname="test.Tests_BoletaInafectaGratuita" name="Script_0056" time="131.734"/>
</testsuite> <!-- test.Tests_BoletaInafectaGratuita -->
