<?xml version="1.0" encoding="UTF-8"?>
<!-- Generated by org.testng.reporters.JUnitReportReporter -->
<testsuite hostname="LauraAndrade" failures="0" tests="3" name="test.Tests_NotaDebitoAfectaInafecta" time="387.317" errors="0" timestamp="26 ago. 2021 01:53:54 GMT" skipped="0">
  <testcase classname="test.Tests_NotaDebitoAfectaInafecta" name="Script_0079" time="145.496"/>
  <testcase classname="test.Tests_NotaDebitoAfectaInafecta" name="Script_0080" time="118.970"/>
  <testcase classname="test.Tests_NotaDebitoAfectaInafecta" name="Script_0078" time="122.851"/>
</testsuite> <!-- test.Tests_NotaDebitoAfectaInafecta -->
