<?xml version="1.0" encoding="UTF-8"?>
<!-- Generated by org.testng.reporters.JUnitReportReporter -->
<testsuite hostname="LauraAndrade" failures="0" tests="3" name="test.Tests_BoletaAfectaInafecta" time="488.440" errors="0" timestamp="01 jul. 2021 20:06:32 GMT" skipped="0">
  <testcase classname="test.Tests_BoletaAfectaInafecta" name="Script_0054" time="154.584"/>
  <testcase classname="test.Tests_BoletaAfectaInafecta" name="Script_0052" time="150.272"/>
  <testcase classname="test.Tests_BoletaAfectaInafecta" name="Script_0053" time="183.584"/>
</testsuite> <!-- test.Tests_BoletaAfectaInafecta -->
