<?xml version="1.0" encoding="UTF-8"?>
<!-- Generated by org.testng.reporters.JUnitReportReporter -->
<testsuite hostname="LauraAndrade" failures="0" tests="3" name="test.Tests_NotaCreditoAfectaInafecta" time="371.685" errors="0" timestamp="01 jul. 2021 20:06:32 GMT" skipped="0">
  <testcase classname="test.Tests_NotaCreditoAfectaInafecta" name="Script_0067" time="116.801"/>
  <testcase classname="test.Tests_NotaCreditoAfectaInafecta" name="Script_0066" time="148.634"/>
  <testcase classname="test.Tests_NotaCreditoAfectaInafecta" name="Script_0065" time="106.250"/>
</testsuite> <!-- test.Tests_NotaCreditoAfectaInafecta -->
