<?xml version="1.0" encoding="UTF-8"?>
<!-- Generated by org.testng.reporters.JUnitReportReporter -->
<testsuite hostname="LauraAndrade" failures="0" tests="2" name="test.Tests_NotaCreditoExonerada" time="279.739" errors="0" timestamp="26 ago. 2021 01:34:49 GMT" skipped="0">
  <testcase classname="test.Tests_NotaCreditoExonerada" name="Script_0070" time="165.558"/>
  <testcase classname="test.Tests_NotaCreditoExonerada" name="Script_0071" time="114.181"/>
</testsuite> <!-- test.Tests_NotaCreditoExonerada -->
