<?xml version="1.0" encoding="UTF-8"?>
<!-- Generated by org.testng.reporters.JUnitReportReporter -->
<testsuite hostname="LauraAndrade" failures="0" tests="4" name="test.Test_FacturaDescuentosGlobalAfecta" time="598.143" errors="0" timestamp="01 jul. 2021 20:06:32 GMT" skipped="0">
  <testcase classname="test.Test_FacturaDescuentosGlobalAfecta" name="Script_0097" time="150.098"/>
  <testcase classname="test.Test_FacturaDescuentosGlobalAfecta" name="Script_0099" time="146.926"/>
  <testcase classname="test.Test_FacturaDescuentosGlobalAfecta" name="Script_0098" time="156.241"/>
  <testcase classname="test.Test_FacturaDescuentosGlobalAfecta" name="Script_0096" time="144.878"/>
</testsuite> <!-- test.Test_FacturaDescuentosGlobalAfecta -->
