<?xml version="1.0" encoding="UTF-8"?>
<!-- Generated by org.testng.reporters.JUnitReportReporter -->
<testsuite hostname="LauraAndrade" failures="0" tests="1" name="test.Test_NotaCreditoExportacion" time="114.710" errors="0" timestamp="01 jul. 2021 20:06:32 GMT" skipped="0">
  <testcase classname="test.Test_NotaCreditoExportacion" name="Script_0094" time="114.710"/>
</testsuite> <!-- test.Test_NotaCreditoExportacion -->
