<?xml version="1.0" encoding="UTF-8"?>
<!-- Generated by org.testng.reporters.JUnitReportReporter -->
<testsuite hostname="LauraAndrade" failures="0" tests="2" name="test.Tests_NotaDebitoExonerada" time="307.176" errors="0" timestamp="26 ago. 2021 02:00:50 GMT" skipped="0">
  <testcase classname="test.Tests_NotaDebitoExonerada" name="Script_0083" time="191.249"/>
  <testcase classname="test.Tests_NotaDebitoExonerada" name="Script_0084" time="115.927"/>
</testsuite> <!-- test.Tests_NotaDebitoExonerada -->
