<?xml version="1.0" encoding="UTF-8"?>
<!-- Generated by org.testng.reporters.JUnitReportReporter -->
<testsuite hostname="LauraAndrade" failures="0" tests="10" name="test.Tests_BoletaCargo" time="1769.212" errors="0" timestamp="25 ago. 2021 21:43:09 GMT" skipped="0">
  <testcase classname="test.Tests_BoletaCargo" name="Script_0047" time="182.489"/>
  <testcase classname="test.Tests_BoletaCargo" name="Script_0048" time="184.965"/>
  <testcase classname="test.Tests_BoletaCargo" name="Script_0050" time="176.203"/>
  <testcase classname="test.Tests_BoletaCargo" name="Script_0043" time="171.565"/>
  <testcase classname="test.Tests_BoletaCargo" name="Script_0044" time="158.520"/>
  <testcase classname="test.Tests_BoletaCargo" name="Script_0049" time="178.437"/>
  <testcase classname="test.Tests_BoletaCargo" name="Script_0046" time="180.429"/>
  <testcase classname="test.Tests_BoletaCargo" name="Script_0042" time="182.588"/>
  <testcase classname="test.Tests_BoletaCargo" name="Script_0045" time="175.977"/>
  <testcase classname="test.Tests_BoletaCargo" name="Script_0051" time="178.039"/>
</testsuite> <!-- test.Tests_BoletaCargo -->
