<?xml version="1.0" encoding="UTF-8"?>
<!-- Generated by org.testng.reporters.JUnitReportReporter -->
<testsuite hostname="LauraAndrade" failures="0" tests="3" name="test.Tests_NotaDebitoAfectaInafecta" time="420.074" errors="0" timestamp="01 jul. 2021 20:06:32 GMT" skipped="0">
  <testcase classname="test.Tests_NotaDebitoAfectaInafecta" name="Script_0079" time="179.508"/>
  <testcase classname="test.Tests_NotaDebitoAfectaInafecta" name="Script_0078" time="122.282"/>
  <testcase classname="test.Tests_NotaDebitoAfectaInafecta" name="Script_0080" time="118.284"/>
</testsuite> <!-- test.Tests_NotaDebitoAfectaInafecta -->
